<?xml version="1.0" encoding="UTF-8"?>
<!-- Generated by org.testng.reporters.JUnitReportReporter -->
<testsuite hostname="Naman" failures="0" tests="3" name="org.example.Godaddy_Nav_Bar" time="8.728" errors="0" timestamp="2023-04-18T15:23:50 IST" skipped="0">
  <testcase classname="org.example.Godaddy_Nav_Bar" name="Domain" time="3.401"/>
  <testcase classname="org.example.Godaddy_Nav_Bar" name="Transfer_Your_Domains" time="2.915"/>
  <testcase classname="org.example.Godaddy_Nav_Bar" name="Hosting" time="2.412"/>
</testsuite> <!-- org.example.Godaddy_Nav_Bar -->
