<?xml version="1.0" encoding="UTF-8"?>
<!-- Generated by org.testng.reporters.JUnitReportReporter -->
<testsuite hostname="Naman" failures="0" tests="3" name="org.example.GoDdady_Homepage" time="0.231" errors="0" timestamp="2023-04-18T15:23:50 IST" skipped="0">
  <testcase classname="org.example.GoDdady_Homepage" name="window_maximize" time="0.103"/>
  <testcase classname="org.example.GoDdady_Homepage" name="print_page_title" time="0.118"/>
  <testcase classname="org.example.GoDdady_Homepage" name="Verify_page_title" time="0.010"/>
</testsuite> <!-- org.example.GoDdady_Homepage -->
