<?xml version="1.0" encoding="UTF-8"?>
<!-- Generated by org.testng.reporters.JUnitReportReporter -->
<testsuite hostname="Naman" failures="0" tests="3" name="org.example.Godaddy_Nav_Bar" time="8.410" errors="0" timestamp="2023-04-18T23:51:43 IST" skipped="0">
  <testcase classname="org.example.Godaddy_Nav_Bar" name="Domain" time="3.315"/>
  <testcase classname="org.example.Godaddy_Nav_Bar" name="Transfer_Your_Domains" time="2.800"/>
  <testcase classname="org.example.Godaddy_Nav_Bar" name="Hosting" time="2.295"/>
</testsuite> <!-- org.example.Godaddy_Nav_Bar -->
