<?xml version="1.0" encoding="UTF-8"?>
<!-- Generated by org.testng.reporters.JUnitReportReporter -->
<testsuite hostname="Naman" failures="0" tests="3" name="org.example.GoDdady_Homepage" time="0.084" errors="0" timestamp="2023-04-18T23:51:43 IST" skipped="0">
  <testcase classname="org.example.GoDdady_Homepage" name="window_maximize" time="0.035"/>
  <testcase classname="org.example.GoDdady_Homepage" name="print_page_title" time="0.018"/>
  <testcase classname="org.example.GoDdady_Homepage" name="Verify_page_title" time="0.031"/>
</testsuite> <!-- org.example.GoDdady_Homepage -->
