<?xml version="1.0" encoding="UTF-8"?>
<!-- Generated by org.testng.reporters.JUnitReportReporter -->
<testsuite hostname="Naman" failures="0" tests="1" name="org.example.Verying_links" time="33.991" errors="0" timestamp="2023-04-18T23:51:43 IST" skipped="0">
  <testcase classname="org.example.Verying_links" name="verify_links" time="33.991"/>
</testsuite> <!-- org.example.Verying_links -->
